This file contains any messages produced by compilers while
running configure, to aid debugging if configure makes a mistake.

It was created by JUDS configure 0.94, which was
generated by GNU Autoconf 2.61.  Invocation command line was

  $ ./configure 

## --------- ##
## Platform. ##
## --------- ##

hostname = teletraan6
uname -m = x86_64
uname -r = 2.6.38-13-generic
uname -s = Linux
uname -v = #53-Ubuntu SMP Mon Nov 28 19:33:45 UTC 2011

/usr/bin/uname -p = unknown
/bin/uname -X     = unknown

/bin/arch              = unknown
/usr/bin/arch -k       = unknown
/usr/convex/getsysinfo = unknown
/usr/bin/hostinfo      = unknown
/bin/machine           = unknown
/usr/bin/oslevel       = unknown
/bin/universe          = unknown

PATH: /home/niels/bin
PATH: /usr/local/sbin
PATH: /usr/local/bin
PATH: /usr/sbin
PATH: /usr/bin
PATH: /sbin
PATH: /bin
PATH: /usr/games


## ----------- ##
## Core tests. ##
## ----------- ##

configure:1746: checking for gcc
configure:1762: found /usr/bin/gcc
configure:1773: result: gcc
configure:2011: checking for C compiler version
configure:2018: gcc --version >&5
gcc (Ubuntu/Linaro 4.5.2-8ubuntu4) 4.5.2
Copyright (C) 2010 Free Software Foundation, Inc.
This is free software; see the source for copying conditions.  There is NO
warranty; not even for MERCHANTABILITY or FITNESS FOR A PARTICULAR PURPOSE.

configure:2021: $? = 0
configure:2028: gcc -v >&5
Using built-in specs.
COLLECT_GCC=gcc
COLLECT_LTO_WRAPPER=/usr/lib/x86_64-linux-gnu/gcc/x86_64-linux-gnu/4.5.2/lto-wrapper
Target: x86_64-linux-gnu
Configured with: ../src/configure -v --with-pkgversion='Ubuntu/Linaro 4.5.2-8ubuntu4' --with-bugurl=file:///usr/share/doc/gcc-4.5/README.Bugs --enable-languages=c,c++,fortran,objc,obj-c++ --prefix=/usr --program-suffix=-4.5 --enable-shared --enable-multiarch --with-multiarch-defaults=x86_64-linux-gnu --enable-linker-build-id --with-system-zlib --libexecdir=/usr/lib/x86_64-linux-gnu --without-included-gettext --enable-threads=posix --with-gxx-include-dir=/usr/include/c++/4.5 --libdir=/usr/lib/x86_64-linux-gnu --enable-nls --with-sysroot=/ --enable-clocale=gnu --enable-libstdcxx-debug --enable-libstdcxx-time=yes --enable-plugin --enable-gold --enable-ld=default --with-plugin-ld=ld.gold --enable-objc-gc --disable-werror --with-arch-32=i686 --with-tune=generic --enable-checking=release --build=x86_64-linux-gnu --host=x86_64-linux-gnu --target=x86_64-linux-gnu
Thread model: posix
gcc version 4.5.2 (Ubuntu/Linaro 4.5.2-8ubuntu4) 
configure:2031: $? = 0
configure:2038: gcc -V >&5
gcc: '-V' option must have argument
configure:2041: $? = 1
configure:2064: checking for C compiler default output file name
configure:2091: gcc    conftest.c  >&5
configure:2094: $? = 0
configure:2132: result: a.out
configure:2149: checking whether the C compiler works
configure:2159: ./a.out
configure:2162: $? = 0
configure:2179: result: yes
configure:2186: checking whether we are cross compiling
configure:2188: result: no
configure:2191: checking for suffix of executables
configure:2198: gcc -o conftest    conftest.c  >&5
configure:2201: $? = 0
configure:2225: result: 
configure:2231: checking for suffix of object files
configure:2257: gcc -c   conftest.c >&5
configure:2260: $? = 0
configure:2283: result: o
configure:2287: checking whether we are using the GNU C compiler
configure:2316: gcc -c   conftest.c >&5
configure:2322: $? = 0
configure:2339: result: yes
configure:2344: checking whether gcc accepts -g
configure:2374: gcc -c -g  conftest.c >&5
configure:2380: $? = 0
configure:2479: result: yes
configure:2496: checking for gcc option to accept ISO C89
configure:2570: gcc  -c -g -O2  conftest.c >&5
configure:2576: $? = 0
configure:2599: result: none needed
configure:2625: checking for java
configure:2643: found /usr/bin/java
configure:2655: result: /usr/bin/java
configure:2709: checking how to run the C preprocessor
configure:2749: gcc -E  conftest.c
configure:2755: $? = 0
configure:2786: gcc -E  conftest.c
conftest.c:8:28: fatal error: ac_nonexistent.h: No such file or directory
compilation terminated.
configure:2792: $? = 1
configure: failed program was:
| /* confdefs.h.  */
| #define PACKAGE_NAME "JUDS"
| #define PACKAGE_TARNAME "juds"
| #define PACKAGE_VERSION "0.94"
| #define PACKAGE_STRING "JUDS 0.94"
| #define PACKAGE_BUGREPORT "klaus.trainer@web.de"
| /* end confdefs.h.  */
| #include <ac_nonexistent.h>
configure:2825: result: gcc -E
configure:2854: gcc -E  conftest.c
configure:2860: $? = 0
configure:2891: gcc -E  conftest.c
conftest.c:8:28: fatal error: ac_nonexistent.h: No such file or directory
compilation terminated.
configure:2897: $? = 1
configure: failed program was:
| /* confdefs.h.  */
| #define PACKAGE_NAME "JUDS"
| #define PACKAGE_TARNAME "juds"
| #define PACKAGE_VERSION "0.94"
| #define PACKAGE_STRING "JUDS 0.94"
| #define PACKAGE_BUGREPORT "klaus.trainer@web.de"
| /* end confdefs.h.  */
| #include <ac_nonexistent.h>
configure:2935: checking for grep that handles long lines and -e
configure:3009: result: /bin/grep
configure:3014: checking for egrep
configure:3092: result: /bin/grep -E
configure:3097: checking for ANSI C header files
configure:3127: gcc -c -g -O2  conftest.c >&5
configure:3133: $? = 0
configure:3232: gcc -o conftest -g -O2   conftest.c  >&5
configure:3235: $? = 0
configure:3241: ./conftest
configure:3244: $? = 0
configure:3261: result: yes
configure:3285: checking for sys/types.h
configure:3306: gcc -c -g -O2  conftest.c >&5
configure:3312: $? = 0
configure:3328: result: yes
configure:3285: checking for sys/stat.h
configure:3306: gcc -c -g -O2  conftest.c >&5
configure:3312: $? = 0
configure:3328: result: yes
configure:3285: checking for stdlib.h
configure:3306: gcc -c -g -O2  conftest.c >&5
configure:3312: $? = 0
configure:3328: result: yes
configure:3285: checking for string.h
configure:3306: gcc -c -g -O2  conftest.c >&5
configure:3312: $? = 0
configure:3328: result: yes
configure:3285: checking for memory.h
configure:3306: gcc -c -g -O2  conftest.c >&5
configure:3312: $? = 0
configure:3328: result: yes
configure:3285: checking for strings.h
configure:3306: gcc -c -g -O2  conftest.c >&5
configure:3312: $? = 0
configure:3328: result: yes
configure:3285: checking for inttypes.h
configure:3306: gcc -c -g -O2  conftest.c >&5
configure:3312: $? = 0
configure:3328: result: yes
configure:3285: checking for stdint.h
configure:3306: gcc -c -g -O2  conftest.c >&5
configure:3312: $? = 0
configure:3328: result: yes
configure:3285: checking for unistd.h
configure:3306: gcc -c -g -O2  conftest.c >&5
configure:3312: $? = 0
configure:3328: result: yes
configure:3348: checking for stdlib.h
configure:3354: result: yes
configure:3348: checking for strings.h
configure:3354: result: yes
configure:3358: checking sys/socket.h usability
configure:3375: gcc -c -g -O2  conftest.c >&5
configure:3381: $? = 0
configure:3395: result: yes
configure:3399: checking sys/socket.h presence
configure:3414: gcc -E  conftest.c
configure:3420: $? = 0
configure:3434: result: yes
configure:3467: checking for sys/socket.h
configure:3475: result: yes
configure:3348: checking for unistd.h
configure:3354: result: yes
configure:3490: checking for an ANSI C-conforming const
configure:3565: gcc -c -g -O2  conftest.c >&5
configure:3571: $? = 0
configure:3586: result: yes
configure:3596: checking for ssize_t
configure:3626: gcc -c -g -O2  conftest.c >&5
configure:3632: $? = 0
configure:3647: result: yes
configure:3666: checking for bzero
configure:3722: gcc -o conftest -g -O2   conftest.c  >&5
conftest.c:45:6: warning: conflicting types for built-in function 'bzero'
configure:3728: $? = 0
configure:3746: result: yes
configure:3666: checking for socket
configure:3722: gcc -o conftest -g -O2   conftest.c  >&5
configure:3728: $? = 0
configure:3746: result: yes
configure:3862: creating ./config.status

## ---------------------- ##
## Running config.status. ##
## ---------------------- ##

This file was extended by JUDS config.status 0.94, which was
generated by GNU Autoconf 2.61.  Invocation command line was

  CONFIG_FILES    = 
  CONFIG_HEADERS  = 
  CONFIG_LINKS    = 
  CONFIG_COMMANDS = 
  $ ./config.status 

on teletraan6

config.status:599: creating Makefile
config.status:599: creating config.h

## ---------------- ##
## Cache variables. ##
## ---------------- ##

ac_cv_c_compiler_gnu=yes
ac_cv_c_const=yes
ac_cv_env_CC_set=
ac_cv_env_CC_value=
ac_cv_env_CFLAGS_set=
ac_cv_env_CFLAGS_value=
ac_cv_env_CPPFLAGS_set=
ac_cv_env_CPPFLAGS_value=
ac_cv_env_CPP_set=
ac_cv_env_CPP_value=
ac_cv_env_LDFLAGS_set=
ac_cv_env_LDFLAGS_value=
ac_cv_env_LIBS_set=
ac_cv_env_LIBS_value=
ac_cv_env_build_alias_set=
ac_cv_env_build_alias_value=
ac_cv_env_host_alias_set=
ac_cv_env_host_alias_value=
ac_cv_env_target_alias_set=
ac_cv_env_target_alias_value=
ac_cv_func_bzero=yes
ac_cv_func_socket=yes
ac_cv_header_inttypes_h=yes
ac_cv_header_memory_h=yes
ac_cv_header_stdc=yes
ac_cv_header_stdint_h=yes
ac_cv_header_stdlib_h=yes
ac_cv_header_string_h=yes
ac_cv_header_strings_h=yes
ac_cv_header_sys_socket_h=yes
ac_cv_header_sys_stat_h=yes
ac_cv_header_sys_types_h=yes
ac_cv_header_unistd_h=yes
ac_cv_objext=o
ac_cv_path_EGREP='/bin/grep -E'
ac_cv_path_GREP=/bin/grep
ac_cv_path_JAVA_PATH_NAME=/usr/bin/java
ac_cv_prog_CPP='gcc -E'
ac_cv_prog_ac_ct_CC=gcc
ac_cv_prog_cc_c89=
ac_cv_prog_cc_g=yes
ac_cv_type_ssize_t=yes

## ----------------- ##
## Output variables. ##
## ----------------- ##

CC='gcc'
CFLAGS='-g -O2'
CPP='gcc -E'
CPPFLAGS=''
DEFS='-DHAVE_CONFIG_H'
ECHO_C=''
ECHO_N='-n'
ECHO_T=''
EGREP='/bin/grep -E'
EXEEXT=''
GREP='/bin/grep'
JAVAC='/usr/bin/javac'
JAVA_HOME='/usr'
JAVA_PATH_NAME='/usr/bin/java'
LDFLAGS=''
LIBEXT='so'
LIBOBJS=''
LIBS=''
LIBSWITCH='-shared'
LTLIBOBJS=''
M32='-m32'
M64='-m64'
OBJEXT='o'
PACKAGE_BUGREPORT='klaus.trainer@web.de'
PACKAGE_NAME='JUDS'
PACKAGE_STRING='JUDS 0.94'
PACKAGE_TARNAME='juds'
PACKAGE_VERSION='0.94'
PATH_SEPARATOR=':'
PLATFORM='linux'
SHELL='/bin/bash'
ac_ct_CC='gcc'
bindir='${exec_prefix}/bin'
build_alias=''
datadir='${datarootdir}'
datarootdir='${prefix}/share'
docdir='${datarootdir}/doc/${PACKAGE_TARNAME}'
dvidir='${docdir}'
exec_prefix='${prefix}'
host_alias=''
htmldir='${docdir}'
includedir='${prefix}/include'
infodir='${datarootdir}/info'
libdir='${exec_prefix}/lib'
libexecdir='${exec_prefix}/libexec'
localedir='${datarootdir}/locale'
localstatedir='${prefix}/var'
mandir='${datarootdir}/man'
oldincludedir='/usr/include'
pdfdir='${docdir}'
prefix='/usr/local'
program_transform_name='s,x,x,'
psdir='${docdir}'
sbindir='${exec_prefix}/sbin'
sharedstatedir='${prefix}/com'
sysconfdir='${prefix}/etc'
target_alias=''

## ----------- ##
## confdefs.h. ##
## ----------- ##

#define PACKAGE_NAME "JUDS"
#define PACKAGE_TARNAME "juds"
#define PACKAGE_VERSION "0.94"
#define PACKAGE_STRING "JUDS 0.94"
#define PACKAGE_BUGREPORT "klaus.trainer@web.de"
#define STDC_HEADERS 1
#define HAVE_SYS_TYPES_H 1
#define HAVE_SYS_STAT_H 1
#define HAVE_STDLIB_H 1
#define HAVE_STRING_H 1
#define HAVE_MEMORY_H 1
#define HAVE_STRINGS_H 1
#define HAVE_INTTYPES_H 1
#define HAVE_STDINT_H 1
#define HAVE_UNISTD_H 1
#define HAVE_STDLIB_H 1
#define HAVE_STRINGS_H 1
#define HAVE_SYS_SOCKET_H 1
#define HAVE_UNISTD_H 1
#define HAVE_BZERO 1
#define HAVE_SOCKET 1

configure: exit 0
